Arguments: 
  /usr/local/bin/node /usr/local/Cellar/yarn/1.3.2/libexec/bin/yarn.js

PATH: 
  ~/Library/Android/sdk/emulator:~/Library/Android/sdk/tools:~/Library/Android/sdk/platform-tools:/usr/local/Cellar/pyenv-virtualenv/1.0.0/shims:/Users/jack/.pyenv/shims:/usr/local/bin:/usr/bin:/bin:/usr/sbin:/sbin:/Applications/Postgres.app/Contents/Versions/latest/bin

Yarn version: 
  1.3.2

Node version: 
  8.11.1

Platform: 
  darwin x64

npm manifest: 
  {
    "name": "jacklj-website-server",
    "version": "1.0.0",
    "description": "Server for my website",
    "author": "Jack Lawrence-Jones <jackvlj@gmail.com>",
    "license": "MIT",
    "main": "server.js",
    "dependencies": {
      "express": "^4.16.3",
      "knex": "^0.14.6",
      "moment": "^2.22.1",
      "pg": "^7.4.3"
    },
    "scripts": {
      "postinstall": "npm install",
      "start": "node server.js"
    },
  }

yarn manifest: 
  No manifest

Lockfile: 
  No lockfile

Trace: 
  SyntaxError: /Users/jack/dev/website/package.json: Unexpected token } in JSON at position 401
      at JSON.parse (<anonymous>)
      at /usr/local/Cellar/yarn/1.3.2/libexec/lib/cli.js:770:59
      at Generator.next (<anonymous>)
      at step (/usr/local/Cellar/yarn/1.3.2/libexec/lib/cli.js:92:30)
      at /usr/local/Cellar/yarn/1.3.2/libexec/lib/cli.js:103:13
      at <anonymous>
